[2025-02-22 00:02:07] INFO: Server started with port: 3040
[2025-02-22 00:04:03] INFO: Server started with port: 3040
[2025-02-22 00:04:30] INFO: CSRF token generated
[2025-02-22 00:04:30] INFO: CSRF token generated
[2025-02-22 00:04:30] INFO: Sending email to: davidericca109@gmail.com
[2025-02-22 00:04:32] INFO: Email sent! 250 2.0.0 OK  1740179072 a640c23a62f3a-aba5323225fsm1721761966b.24 - gsmtp
[2025-02-22 00:20:22] INFO: Server started with port: 3040
[2025-02-22 00:20:22] INFO: Server started with port: 3040
[2025-02-22 00:20:22] INFO: Server started with port: 3040
[2025-02-22 00:20:23] INFO: Server started with port: 3040
[2025-02-22 00:20:23] INFO: Server started with port: 3040
[2025-02-22 00:20:23] INFO: Server started with port: 3040
[2025-02-22 00:20:23] INFO: Server started with port: 3040
[2025-02-22 00:20:24] INFO: Server started with port: 3040
[2025-02-22 00:20:24] INFO: Server started with port: 3040
[2025-02-22 00:20:24] INFO: Server started with port: 3040
[2025-02-22 00:20:25] INFO: Server started with port: 3040
[2025-02-22 00:20:25] INFO: Server started with port: 3040
[2025-02-22 00:20:25] INFO: Server started with port: 3040
[2025-02-22 00:20:26] INFO: Server started with port: 3040
[2025-02-22 00:20:26] INFO: Server started with port: 3040
[2025-02-22 00:20:26] INFO: Server started with port: 3040
[2025-02-22 00:20:26] INFO: Server started with port: 3040
[2025-02-22 00:20:27] INFO: Server started with port: 3040
[2025-02-22 00:20:27] INFO: Server started with port: 3040
[2025-02-22 00:20:27] INFO: Server started with port: 3040
[2025-02-22 00:20:28] INFO: Server started with port: 3040
[2025-02-22 00:20:28] INFO: Server started with port: 3040
[2025-02-22 00:20:28] INFO: Server started with port: 3040
[2025-02-22 00:20:29] INFO: Server started with port: 3040
[2025-02-22 00:20:29] INFO: Server started with port: 3040
[2025-02-22 00:20:29] INFO: Server started with port: 3040
[2025-02-22 00:20:29] INFO: Server started with port: 3040
[2025-02-22 00:20:30] INFO: Server started with port: 3040
[2025-02-22 00:20:30] INFO: Server started with port: 3040
[2025-02-22 00:20:30] INFO: Server started with port: 3040
[2025-02-22 00:20:31] INFO: Server started with port: 3040
[2025-02-22 00:20:31] INFO: Server started with port: 3040
[2025-02-22 00:20:31] INFO: Server started with port: 3040
[2025-02-22 00:20:32] INFO: Server started with port: 3040
[2025-02-22 00:20:32] INFO: Server started with port: 3040
[2025-02-22 00:20:32] INFO: Server started with port: 3040
[2025-02-22 00:20:32] INFO: Server started with port: 3040
[2025-02-22 00:20:33] INFO: Server started with port: 3040
[2025-02-22 00:20:33] INFO: Server started with port: 3040
[2025-02-22 00:20:33] INFO: Server started with port: 3040
[2025-02-22 00:20:34] INFO: Server started with port: 3040
[2025-02-22 00:20:34] INFO: Server started with port: 3040
[2025-02-22 00:20:34] INFO: Server started with port: 3040
[2025-02-22 00:20:35] INFO: Server started with port: 3040
[2025-02-22 00:20:35] INFO: Server started with port: 3040
[2025-02-22 00:20:35] INFO: Server started with port: 3040
[2025-02-22 00:20:35] INFO: Server started with port: 3040
[2025-02-22 00:20:36] INFO: Server started with port: 3040
[2025-02-22 00:20:36] INFO: Server started with port: 3040
[2025-02-22 00:20:36] INFO: Server started with port: 3040
[2025-02-22 00:20:37] INFO: Server started with port: 3040
[2025-02-22 00:20:37] INFO: Server started with port: 3040
[2025-02-22 00:20:37] INFO: Server started with port: 3040
[2025-02-22 00:20:38] INFO: Server started with port: 3040
[2025-02-22 00:20:38] INFO: Server started with port: 3040
[2025-02-22 00:20:38] INFO: Server started with port: 3040
[2025-02-22 00:20:38] INFO: Server started with port: 3040
[2025-02-22 00:20:39] INFO: Server started with port: 3040
[2025-02-22 00:20:39] INFO: Server started with port: 3040
[2025-02-22 00:20:39] INFO: Server started with port: 3040
[2025-02-22 00:20:40] INFO: Server started with port: 3040
[2025-02-22 00:20:40] INFO: Server started with port: 3040
[2025-02-22 00:20:40] INFO: Server started with port: 3040
[2025-02-22 00:20:41] INFO: Server started with port: 3040
[2025-02-22 00:20:41] INFO: Server started with port: 3040
[2025-02-22 00:20:41] INFO: Server started with port: 3040
[2025-02-22 00:20:41] INFO: Server started with port: 3040
[2025-02-22 00:20:42] INFO: Server started with port: 3040
[2025-02-22 00:20:42] INFO: Server started with port: 3040
[2025-02-22 00:20:42] INFO: Server started with port: 3040
[2025-02-22 00:20:43] INFO: Server started with port: 3040
[2025-02-22 00:20:43] INFO: Server started with port: 3040
[2025-02-22 00:20:43] INFO: Server started with port: 3040
[2025-02-22 00:20:43] INFO: Server started with port: 3040
[2025-02-22 00:20:44] INFO: Server started with port: 3040
[2025-02-22 00:20:44] INFO: Server started with port: 3040
[2025-02-22 00:20:44] INFO: Server started with port: 3040
[2025-02-22 00:20:45] INFO: Server started with port: 3040
[2025-02-22 00:20:45] INFO: Server started with port: 3040
[2025-02-22 00:20:45] INFO: Server started with port: 3040
[2025-02-22 00:20:46] INFO: Server started with port: 3040
[2025-02-22 00:20:46] INFO: Server started with port: 3040
[2025-02-22 00:20:46] INFO: Server started with port: 3040
[2025-02-22 00:20:46] INFO: Server started with port: 3040
[2025-02-22 00:20:47] INFO: Server started with port: 3040
[2025-02-22 00:20:47] INFO: Server started with port: 3040
[2025-02-22 00:20:47] INFO: Server started with port: 3040
[2025-02-22 00:20:48] INFO: Server started with port: 3040
[2025-02-22 00:20:48] INFO: Server started with port: 3040
[2025-02-22 00:20:48] INFO: Server started with port: 3040
[2025-02-22 00:20:49] INFO: Server started with port: 3040
[2025-02-22 00:20:49] INFO: Server started with port: 3040
[2025-02-22 00:20:49] INFO: Server started with port: 3040
[2025-02-22 00:20:49] INFO: Server started with port: 3040
[2025-02-22 00:20:50] INFO: Server started with port: 3040
[2025-02-22 00:20:50] INFO: Server started with port: 3040
[2025-02-22 00:20:50] INFO: Server started with port: 3040
[2025-02-22 00:20:51] INFO: Server started with port: 3040
[2025-02-22 00:21:34] INFO: Server started with port: 3040
[2025-02-22 00:21:54] INFO: Server started with port: 3040
[2025-02-22 00:21:54] INFO: Server started with port: 3040
[2025-02-22 00:21:55] INFO: Server started with port: 3040
[2025-02-22 00:21:55] INFO: Server started with port: 3040
[2025-02-22 00:21:55] INFO: Server started with port: 3040
[2025-02-22 00:21:56] INFO: Server started with port: 3040
[2025-02-22 00:21:56] INFO: Server started with port: 3040
[2025-02-22 00:21:56] INFO: Server started with port: 3040
[2025-02-22 00:21:57] INFO: Server started with port: 3040
[2025-02-22 00:21:57] INFO: Server started with port: 3040
[2025-02-22 00:21:57] INFO: Server started with port: 3040
[2025-02-22 00:21:57] INFO: Server started with port: 3040
[2025-02-22 00:21:58] INFO: Server started with port: 3040
[2025-02-22 00:21:58] INFO: Server started with port: 3040
[2025-02-22 00:21:58] INFO: Server started with port: 3040
[2025-02-22 00:21:59] INFO: Server started with port: 3040
[2025-02-22 00:21:59] INFO: Server started with port: 3040
[2025-02-22 00:21:59] INFO: Server started with port: 3040
[2025-02-22 00:22:00] INFO: Server started with port: 3040
[2025-02-22 00:22:00] INFO: Server started with port: 3040
[2025-02-22 00:22:00] INFO: Server started with port: 3040
[2025-02-22 00:22:00] INFO: Server started with port: 3040
[2025-02-22 00:22:01] INFO: Server started with port: 3040
[2025-02-22 00:22:01] INFO: Server started with port: 3040
[2025-02-22 00:22:01] INFO: Server started with port: 3040
[2025-02-22 00:22:02] INFO: Server started with port: 3040
[2025-02-22 00:22:02] INFO: Server started with port: 3040
[2025-02-22 00:22:02] INFO: Server started with port: 3040
[2025-02-22 00:22:03] INFO: Server started with port: 3040
[2025-02-22 00:22:03] INFO: Server started with port: 3040
[2025-02-22 00:22:03] INFO: Server started with port: 3040
[2025-02-22 00:22:03] INFO: Server started with port: 3040
[2025-02-22 00:22:04] INFO: Server started with port: 3040
[2025-02-22 00:22:04] INFO: Server started with port: 3040
[2025-02-22 00:22:04] INFO: Server started with port: 3040
[2025-02-22 00:22:05] INFO: Server started with port: 3040
[2025-02-22 00:22:05] INFO: Server started with port: 3040
[2025-02-22 00:22:13] INFO: Server started with port: 3040
[2025-02-22 00:23:25] ERROR: CSRF token missing
[2025-02-22 00:23:25] INFO: CSRF token generated
[2025-02-22 00:23:37] INFO: CSRF token generated
[2025-02-22 00:23:43] INFO: CSRF token generated
[2025-02-22 00:34:45] INFO: Server started with port: 3040
[2025-02-22 00:35:05] INFO: CSRF token generated
[2025-02-22 00:35:12] INFO: CSRF token generated
[2025-02-22 00:35:12] INFO: Email queued: divapramy@gmail.com
[2025-02-22 00:35:12] INFO: Email queued
[2025-02-22 00:41:33] INFO: Server started with port: 3040
[2025-02-22 00:41:33] INFO: Server started with port: 3040
[2025-02-22 00:41:33] INFO: Server started with port: 3040
[2025-02-22 00:41:33] INFO: Server started with port: 3040
[2025-02-22 00:41:34] INFO: Server started with port: 3040
[2025-02-22 00:41:34] INFO: Server started with port: 3040
[2025-02-22 00:41:34] INFO: Server started with port: 3040
[2025-02-22 00:41:35] INFO: Server started with port: 3040
[2025-02-22 00:41:35] INFO: Server started with port: 3040
[2025-02-22 00:41:35] INFO: Server started with port: 3040
[2025-02-22 00:41:36] INFO: Server started with port: 3040
[2025-02-22 00:41:36] INFO: Server started with port: 3040
[2025-02-22 00:41:36] INFO: Server started with port: 3040
[2025-02-22 00:41:37] INFO: Server started with port: 3040
[2025-02-22 00:41:37] INFO: Server started with port: 3040
[2025-02-22 00:41:37] INFO: Server started with port: 3040
[2025-02-22 00:41:38] INFO: Server started with port: 3040
[2025-02-22 00:41:38] INFO: Server started with port: 3040
[2025-02-22 00:41:38] INFO: Server started with port: 3040
[2025-02-22 00:41:39] INFO: Server started with port: 3040
[2025-02-22 00:41:39] INFO: Server started with port: 3040
[2025-02-22 00:41:39] INFO: Server started with port: 3040
[2025-02-22 00:41:39] INFO: Server started with port: 3040
[2025-02-22 00:41:40] INFO: Server started with port: 3040
[2025-02-22 00:41:40] INFO: Server started with port: 3040
[2025-02-22 00:41:40] INFO: Server started with port: 3040
[2025-02-22 00:41:41] INFO: Server started with port: 3040
[2025-02-22 00:41:41] INFO: Server started with port: 3040
[2025-02-22 00:41:41] INFO: Server started with port: 3040
[2025-02-22 00:41:42] INFO: Server started with port: 3040
[2025-02-22 00:41:42] INFO: Server started with port: 3040
[2025-02-22 00:41:42] INFO: Server started with port: 3040
[2025-02-22 00:41:43] INFO: Server started with port: 3040
[2025-02-22 00:41:43] INFO: Server started with port: 3040
[2025-02-22 00:41:43] INFO: Server started with port: 3040
[2025-02-22 00:41:44] INFO: Server started with port: 3040
[2025-02-22 00:41:44] INFO: Server started with port: 3040
[2025-02-22 00:41:44] INFO: Server started with port: 3040
[2025-02-22 00:41:45] INFO: Server started with port: 3040
[2025-02-22 00:41:45] INFO: Server started with port: 3040
[2025-02-22 00:41:45] INFO: Server started with port: 3040
[2025-02-22 00:41:46] INFO: Server started with port: 3040
[2025-02-22 00:41:46] INFO: Server started with port: 3040
[2025-02-22 00:41:46] INFO: Server started with port: 3040
[2025-02-22 00:41:46] INFO: Server started with port: 3040
[2025-02-22 00:41:47] INFO: Server started with port: 3040
[2025-02-22 00:41:47] INFO: Server started with port: 3040
[2025-02-22 00:41:47] INFO: Server started with port: 3040
[2025-02-22 00:41:48] INFO: Server started with port: 3040
[2025-02-22 00:41:48] INFO: Server started with port: 3040
[2025-02-22 00:41:48] INFO: Server started with port: 3040
[2025-02-22 00:41:49] INFO: Server started with port: 3040
[2025-02-22 00:41:49] INFO: Server started with port: 3040
[2025-02-22 00:41:49] INFO: Server started with port: 3040
[2025-02-22 00:41:50] INFO: Server started with port: 3040
[2025-02-22 00:41:50] INFO: Server started with port: 3040
[2025-02-22 00:41:50] INFO: Server started with port: 3040
[2025-02-22 00:41:51] INFO: Server started with port: 3040
[2025-02-22 00:41:51] INFO: Server started with port: 3040
[2025-02-22 00:41:51] INFO: Server started with port: 3040
[2025-02-22 00:41:52] INFO: Server started with port: 3040
[2025-02-22 00:41:52] INFO: Server started with port: 3040
[2025-02-22 00:41:52] INFO: Server started with port: 3040
[2025-02-22 00:41:52] INFO: Server started with port: 3040
[2025-02-22 00:41:53] INFO: Server started with port: 3040
[2025-02-22 00:41:53] INFO: Server started with port: 3040
[2025-02-22 00:41:53] INFO: Server started with port: 3040
[2025-02-22 00:41:54] INFO: Server started with port: 3040
[2025-02-22 00:41:54] INFO: Server started with port: 3040
[2025-02-22 00:41:54] INFO: Server started with port: 3040
[2025-02-22 00:41:55] INFO: Server started with port: 3040
[2025-02-22 00:41:55] INFO: Server started with port: 3040
[2025-02-22 00:41:55] INFO: Server started with port: 3040
[2025-02-22 00:41:56] INFO: Server started with port: 3040
[2025-02-22 00:41:56] INFO: Server started with port: 3040
[2025-02-22 00:41:56] INFO: Server started with port: 3040
[2025-02-22 00:41:57] INFO: Server started with port: 3040
[2025-02-22 00:41:57] INFO: Server started with port: 3040
[2025-02-22 00:41:57] INFO: Server started with port: 3040
[2025-02-22 00:41:58] INFO: Server started with port: 3040
[2025-02-22 00:41:58] INFO: Server started with port: 3040
[2025-02-22 00:41:58] INFO: Server started with port: 3040
[2025-02-22 00:41:59] INFO: Server started with port: 3040
[2025-02-22 00:41:59] INFO: Server started with port: 3040
[2025-02-22 00:41:59] INFO: Server started with port: 3040
[2025-02-22 00:42:00] INFO: Server started with port: 3040
[2025-02-22 00:42:00] INFO: Server started with port: 3040
[2025-02-22 00:42:00] INFO: Server started with port: 3040
[2025-02-22 00:42:01] INFO: Server started with port: 3040
[2025-02-22 00:42:01] INFO: Server started with port: 3040
[2025-02-22 00:42:01] INFO: Server started with port: 3040
[2025-02-22 00:42:02] INFO: Server started with port: 3040
[2025-02-22 00:42:02] INFO: Server started with port: 3040
[2025-02-22 00:42:02] INFO: Server started with port: 3040
[2025-02-22 00:42:03] INFO: Server started with port: 3040
[2025-02-22 00:42:03] INFO: Server started with port: 3040
[2025-02-22 00:42:03] INFO: Server started with port: 3040
[2025-02-22 00:42:03] INFO: Server started with port: 3040
[2025-02-22 00:42:04] INFO: Server started with port: 3040
[2025-02-22 00:42:04] INFO: Server started with port: 3040
[2025-02-22 00:42:04] INFO: Server started with port: 3040
[2025-02-22 00:42:05] INFO: Server started with port: 3040
[2025-02-22 00:42:05] INFO: Server started with port: 3040
[2025-02-22 00:42:05] INFO: Server started with port: 3040
[2025-02-22 00:42:06] INFO: Server started with port: 3040
[2025-02-22 00:42:06] INFO: Server started with port: 3040
[2025-02-22 00:42:06] INFO: Server started with port: 3040
[2025-02-22 00:42:07] INFO: Server started with port: 3040
[2025-02-22 00:42:07] INFO: Server started with port: 3040
[2025-02-22 00:42:07] INFO: Server started with port: 3040
[2025-02-22 00:42:08] INFO: Server started with port: 3040
[2025-02-22 00:42:08] INFO: Server started with port: 3040
[2025-02-22 00:42:08] INFO: Server started with port: 3040
[2025-02-22 00:42:09] INFO: Server started with port: 3040
[2025-02-22 00:42:09] INFO: Server started with port: 3040
[2025-02-22 00:42:09] INFO: Server started with port: 3040
[2025-02-22 00:42:10] INFO: Server started with port: 3040
[2025-02-22 00:42:10] INFO: Server started with port: 3040
[2025-02-22 00:42:10] INFO: Server started with port: 3040
[2025-02-22 00:42:11] INFO: Server started with port: 3040
[2025-02-22 00:42:11] INFO: Server started with port: 3040
[2025-02-22 00:42:11] INFO: Server started with port: 3040
[2025-02-22 00:42:12] INFO: Server started with port: 3040
[2025-02-22 00:42:12] INFO: Server started with port: 3040
[2025-02-22 00:42:12] INFO: Server started with port: 3040
[2025-02-22 00:42:13] INFO: Server started with port: 3040
[2025-02-22 00:42:13] INFO: Server started with port: 3040
[2025-02-22 00:42:13] INFO: Server started with port: 3040
[2025-02-22 00:42:13] INFO: Server started with port: 3040
[2025-02-22 00:42:14] INFO: Server started with port: 3040
[2025-02-22 00:42:14] INFO: Server started with port: 3040
[2025-02-22 00:42:14] INFO: Server started with port: 3040
[2025-02-22 00:42:15] INFO: Server started with port: 3040
[2025-02-22 00:42:15] INFO: Server started with port: 3040
[2025-02-22 00:42:15] INFO: Server started with port: 3040
[2025-02-22 00:42:16] INFO: Server started with port: 3040
[2025-02-22 00:42:16] INFO: Server started with port: 3040
[2025-02-22 00:42:16] INFO: Server started with port: 3040
[2025-02-22 00:42:17] INFO: Server started with port: 3040
[2025-02-22 00:42:17] INFO: Server started with port: 3040
[2025-02-22 00:42:17] INFO: Server started with port: 3040
[2025-02-22 00:42:18] INFO: Server started with port: 3040
[2025-02-22 00:42:18] INFO: Server started with port: 3040
[2025-02-22 00:42:18] INFO: Server started with port: 3040
[2025-02-22 00:42:19] INFO: Server started with port: 3040
[2025-02-22 00:42:19] INFO: Server started with port: 3040
[2025-02-22 00:42:19] INFO: Server started with port: 3040
[2025-02-22 00:42:20] INFO: Server started with port: 3040
[2025-02-22 00:42:20] INFO: Server started with port: 3040
[2025-02-22 00:42:20] INFO: Server started with port: 3040
[2025-02-22 00:42:21] INFO: Server started with port: 3040
[2025-02-22 00:42:21] INFO: Server started with port: 3040
[2025-02-22 00:42:21] INFO: Server started with port: 3040
[2025-02-22 00:42:22] INFO: Server started with port: 3040
[2025-02-22 00:42:22] INFO: Server started with port: 3040
[2025-02-22 00:42:22] INFO: Server started with port: 3040
[2025-02-22 00:42:23] INFO: Server started with port: 3040
[2025-02-22 00:42:23] INFO: Server started with port: 3040
[2025-02-22 00:42:23] INFO: Server started with port: 3040
[2025-02-22 00:42:23] INFO: Server started with port: 3040
[2025-02-22 00:42:24] INFO: Server started with port: 3040
[2025-02-22 00:42:24] INFO: Server started with port: 3040
[2025-02-22 00:42:24] INFO: Server started with port: 3040
[2025-02-22 00:42:25] INFO: Server started with port: 3040
[2025-02-22 00:42:25] INFO: Server started with port: 3040
[2025-02-22 00:42:26] INFO: Server started with port: 3040
[2025-02-22 00:42:26] INFO: Server started with port: 3040
[2025-02-22 00:42:26] INFO: Server started with port: 3040
[2025-02-22 00:42:27] INFO: Server started with port: 3040
[2025-02-22 00:42:27] INFO: Server started with port: 3040
[2025-02-22 00:42:27] INFO: Server started with port: 3040
[2025-02-22 00:42:28] INFO: Server started with port: 3040
[2025-02-22 00:42:28] INFO: Server started with port: 3040
[2025-02-22 00:42:28] INFO: Server started with port: 3040
[2025-02-22 00:42:29] INFO: Server started with port: 3040
[2025-02-22 00:42:29] INFO: Server started with port: 3040
[2025-02-22 00:42:29] INFO: Server started with port: 3040
[2025-02-22 00:42:30] INFO: Server started with port: 3040
[2025-02-22 00:42:30] INFO: Server started with port: 3040
[2025-02-22 00:42:30] INFO: Server started with port: 3040
[2025-02-22 00:42:31] INFO: Server started with port: 3040
[2025-02-22 00:42:31] INFO: Server started with port: 3040
[2025-02-22 00:42:31] INFO: Server started with port: 3040
[2025-02-22 00:42:31] INFO: Server started with port: 3040
[2025-02-22 00:42:32] INFO: Server started with port: 3040
[2025-02-22 00:42:32] INFO: Server started with port: 3040
[2025-02-22 00:42:32] INFO: Server started with port: 3040
[2025-02-22 00:42:33] INFO: Server started with port: 3040
[2025-02-22 00:42:33] INFO: Server started with port: 3040
[2025-02-22 00:42:33] INFO: Server started with port: 3040
[2025-02-22 00:42:34] INFO: Server started with port: 3040
[2025-02-22 00:42:34] INFO: Server started with port: 3040
[2025-02-22 00:42:34] INFO: Server started with port: 3040
[2025-02-22 00:42:35] INFO: Server started with port: 3040
[2025-02-22 00:42:35] INFO: Server started with port: 3040
[2025-02-22 00:42:35] INFO: Server started with port: 3040
[2025-02-22 00:42:36] INFO: Server started with port: 3040
[2025-02-22 00:42:36] INFO: Server started with port: 3040
[2025-02-22 00:42:36] INFO: Server started with port: 3040
[2025-02-22 00:42:37] INFO: Server started with port: 3040
[2025-02-22 00:42:37] INFO: Server started with port: 3040
[2025-02-22 00:42:37] INFO: Server started with port: 3040
[2025-02-22 00:42:38] INFO: Server started with port: 3040
[2025-02-22 00:42:38] INFO: Server started with port: 3040
[2025-02-22 00:42:38] INFO: Server started with port: 3040
[2025-02-22 00:42:38] INFO: Server started with port: 3040
[2025-02-22 00:42:39] INFO: Server started with port: 3040
[2025-02-22 00:42:39] INFO: Server started with port: 3040
[2025-02-22 00:42:39] INFO: Server started with port: 3040
[2025-02-22 00:42:40] INFO: Server started with port: 3040
[2025-02-22 00:42:40] INFO: Server started with port: 3040
[2025-02-22 00:42:40] INFO: Server started with port: 3040
[2025-02-22 00:42:41] INFO: Server started with port: 3040
[2025-02-22 00:42:41] INFO: Server started with port: 3040
[2025-02-22 00:42:41] INFO: Server started with port: 3040
[2025-02-22 00:42:42] INFO: Server started with port: 3040
[2025-02-22 00:42:42] INFO: Server started with port: 3040
[2025-02-22 00:42:42] INFO: Server started with port: 3040
[2025-02-22 00:42:43] INFO: Server started with port: 3040
[2025-02-22 00:42:43] INFO: Server started with port: 3040
[2025-02-22 00:42:43] INFO: Server started with port: 3040
[2025-02-22 00:42:44] INFO: Server started with port: 3040
[2025-02-22 00:42:44] INFO: Server started with port: 3040
[2025-02-22 00:42:44] INFO: Server started with port: 3040
[2025-02-22 00:42:45] INFO: Server started with port: 3040
[2025-02-22 00:42:45] INFO: Server started with port: 3040
[2025-02-22 00:42:45] INFO: Server started with port: 3040
[2025-02-22 00:42:46] INFO: Server started with port: 3040
[2025-02-22 00:42:46] INFO: Server started with port: 3040
[2025-02-22 00:42:46] INFO: Server started with port: 3040
[2025-02-22 00:42:46] INFO: Server started with port: 3040
[2025-02-22 00:42:47] INFO: Server started with port: 3040
[2025-02-22 00:42:47] INFO: Server started with port: 3040
[2025-02-22 00:42:47] INFO: Server started with port: 3040
[2025-02-22 00:42:48] INFO: Server started with port: 3040
[2025-02-22 00:42:48] INFO: Server started with port: 3040
[2025-02-22 00:42:48] INFO: Server started with port: 3040
[2025-02-22 00:42:49] INFO: Server started with port: 3040
[2025-02-22 00:42:49] INFO: Server started with port: 3040
[2025-02-22 00:42:49] INFO: Server started with port: 3040
[2025-02-22 00:42:50] INFO: Server started with port: 3040
[2025-02-22 00:42:50] INFO: Server started with port: 3040
[2025-02-22 00:42:50] INFO: Server started with port: 3040
[2025-02-22 00:42:51] INFO: Server started with port: 3040
[2025-02-22 00:42:51] INFO: Server started with port: 3040
[2025-02-22 00:42:51] INFO: Server started with port: 3040
[2025-02-22 00:42:52] INFO: Server started with port: 3040
[2025-02-22 00:42:52] INFO: Server started with port: 3040
[2025-02-22 00:42:52] INFO: Server started with port: 3040
[2025-02-22 00:42:53] INFO: Server started with port: 3040
[2025-02-22 00:42:53] INFO: Server started with port: 3040
[2025-02-22 00:42:53] INFO: Server started with port: 3040
[2025-02-22 00:42:54] INFO: Server started with port: 3040
[2025-02-22 00:42:54] INFO: Server started with port: 3040
[2025-02-22 00:42:54] INFO: Server started with port: 3040
[2025-02-22 00:42:55] INFO: Server started with port: 3040
[2025-02-22 00:42:55] INFO: Server started with port: 3040
[2025-02-22 00:42:55] INFO: Server started with port: 3040
[2025-02-22 00:42:56] INFO: Server started with port: 3040
[2025-02-22 00:42:56] INFO: Server started with port: 3040
[2025-02-22 00:42:56] INFO: Server started with port: 3040
[2025-02-22 00:42:57] INFO: Server started with port: 3040
[2025-02-22 00:42:57] INFO: Server started with port: 3040
[2025-02-22 00:42:57] INFO: Server started with port: 3040
[2025-02-22 00:42:58] INFO: Server started with port: 3040
[2025-02-22 00:42:58] INFO: Server started with port: 3040
[2025-02-22 00:42:58] INFO: Server started with port: 3040
[2025-02-22 00:42:58] INFO: Server started with port: 3040
[2025-02-22 00:42:59] INFO: Server started with port: 3040
[2025-02-22 00:42:59] INFO: Server started with port: 3040
[2025-02-22 00:42:59] INFO: Server started with port: 3040
[2025-02-22 00:43:00] INFO: Server started with port: 3040
[2025-02-22 00:43:00] INFO: Server started with port: 3040
[2025-02-22 00:43:01] INFO: Server started with port: 3040
[2025-02-22 00:43:01] INFO: Server started with port: 3040
[2025-02-22 00:43:01] INFO: Server started with port: 3040
[2025-02-22 00:43:02] INFO: Server started with port: 3040
[2025-02-22 00:43:02] INFO: Server started with port: 3040
[2025-02-22 00:43:02] INFO: Server started with port: 3040
[2025-02-22 00:43:03] INFO: Server started with port: 3040
[2025-02-22 00:43:03] INFO: Server started with port: 3040
[2025-02-22 00:43:03] INFO: Server started with port: 3040
[2025-02-22 00:43:04] INFO: Server started with port: 3040
[2025-02-22 00:43:04] INFO: Server started with port: 3040
[2025-02-22 00:43:04] INFO: Server started with port: 3040
[2025-02-22 00:43:04] INFO: Server started with port: 3040
[2025-02-22 00:43:05] INFO: Server started with port: 3040
[2025-02-22 00:43:05] INFO: Server started with port: 3040
[2025-02-22 00:43:05] INFO: Server started with port: 3040
[2025-02-22 00:43:06] INFO: Server started with port: 3040
[2025-02-22 00:43:06] INFO: Server started with port: 3040
[2025-02-22 00:43:06] INFO: Server started with port: 3040
[2025-02-22 00:43:07] INFO: Server started with port: 3040
[2025-02-22 00:43:07] INFO: Server started with port: 3040
[2025-02-22 00:43:07] INFO: Server started with port: 3040
[2025-02-22 00:43:08] INFO: Server started with port: 3040
[2025-02-22 00:43:08] INFO: Server started with port: 3040
[2025-02-22 00:43:08] INFO: Server started with port: 3040
[2025-02-22 00:43:09] INFO: Server started with port: 3040
[2025-02-22 00:43:09] INFO: Server started with port: 3040
[2025-02-22 00:43:09] INFO: Server started with port: 3040
[2025-02-22 00:43:10] INFO: Server started with port: 3040
[2025-02-22 00:43:10] INFO: Server started with port: 3040
[2025-02-22 00:43:10] INFO: Server started with port: 3040
[2025-02-22 00:43:11] INFO: Server started with port: 3040
[2025-02-22 00:43:11] INFO: Server started with port: 3040
[2025-02-22 00:43:11] INFO: Server started with port: 3040
[2025-02-22 00:43:12] INFO: Server started with port: 3040
[2025-02-22 00:43:12] INFO: Server started with port: 3040
[2025-02-22 00:43:12] INFO: Server started with port: 3040
[2025-02-22 00:43:13] INFO: Server started with port: 3040
[2025-02-22 00:43:13] INFO: Server started with port: 3040
[2025-02-22 00:43:13] INFO: Server started with port: 3040
[2025-02-22 00:43:14] INFO: Server started with port: 3040
[2025-02-22 00:43:14] INFO: Server started with port: 3040
[2025-02-22 00:43:14] INFO: Server started with port: 3040
[2025-02-22 00:43:15] INFO: Server started with port: 3040
[2025-02-22 00:43:15] INFO: Server started with port: 3040
[2025-02-22 00:43:15] INFO: Server started with port: 3040
[2025-02-22 00:43:16] INFO: Server started with port: 3040
[2025-02-22 00:43:16] INFO: Server started with port: 3040
[2025-02-22 00:43:16] INFO: Server started with port: 3040
[2025-02-22 00:43:17] INFO: Server started with port: 3040
[2025-02-22 00:43:17] INFO: Server started with port: 3040
[2025-02-22 00:43:18] INFO: Server started with port: 3040
[2025-02-22 00:43:18] INFO: Server started with port: 3040
[2025-02-22 00:43:18] INFO: Server started with port: 3040
[2025-02-22 00:43:19] INFO: Server started with port: 3040
[2025-02-22 00:43:19] INFO: Server started with port: 3040
[2025-02-22 00:43:19] INFO: Server started with port: 3040
[2025-02-22 00:43:20] INFO: Server started with port: 3040
[2025-02-22 00:43:20] INFO: Server started with port: 3040
[2025-02-22 00:43:20] INFO: Server started with port: 3040
[2025-02-22 00:43:21] INFO: Server started with port: 3040
[2025-02-22 00:43:21] INFO: Server started with port: 3040
[2025-02-22 00:43:21] INFO: Server started with port: 3040
[2025-02-22 00:43:22] INFO: Server started with port: 3040
[2025-02-22 00:43:22] INFO: Server started with port: 3040
[2025-02-22 00:43:22] INFO: Server started with port: 3040
[2025-02-22 00:43:23] INFO: Server started with port: 3040
[2025-02-22 00:43:23] INFO: Server started with port: 3040
[2025-02-22 00:43:23] INFO: Server started with port: 3040
[2025-02-22 00:43:24] INFO: Server started with port: 3040
[2025-02-22 00:43:24] INFO: Server started with port: 3040
[2025-02-22 00:43:24] INFO: Server started with port: 3040
[2025-02-22 00:43:24] INFO: Server started with port: 3040
[2025-02-22 00:43:25] INFO: Server started with port: 3040
[2025-02-22 00:43:25] INFO: Server started with port: 3040
[2025-02-22 00:43:25] INFO: Server started with port: 3040
[2025-02-22 00:43:26] INFO: Server started with port: 3040
[2025-02-22 00:43:26] INFO: Server started with port: 3040
[2025-02-22 00:43:26] INFO: Server started with port: 3040
[2025-02-22 00:43:27] INFO: Server started with port: 3040
[2025-02-22 00:43:27] INFO: Server started with port: 3040
[2025-02-22 00:43:27] INFO: Server started with port: 3040
[2025-02-22 00:43:28] INFO: Server started with port: 3040
[2025-02-22 00:43:28] INFO: Server started with port: 3040
[2025-02-22 00:43:28] INFO: Server started with port: 3040
[2025-02-22 00:43:29] INFO: Server started with port: 3040
[2025-02-22 00:43:29] INFO: Server started with port: 3040
[2025-02-22 00:43:29] INFO: Server started with port: 3040
[2025-02-22 00:43:30] INFO: Server started with port: 3040
[2025-02-22 00:43:30] INFO: Server started with port: 3040
[2025-02-22 00:43:30] INFO: Server started with port: 3040
[2025-02-22 00:43:31] INFO: Server started with port: 3040
[2025-02-22 00:43:31] INFO: Server started with port: 3040
[2025-02-22 00:43:31] INFO: Server started with port: 3040
[2025-02-22 00:43:32] INFO: Server started with port: 3040
[2025-02-22 00:43:32] INFO: Server started with port: 3040
[2025-02-22 00:43:32] INFO: Server started with port: 3040
[2025-02-22 00:43:33] INFO: Server started with port: 3040
[2025-02-22 00:43:33] INFO: Server started with port: 3040
[2025-02-22 00:43:33] INFO: Server started with port: 3040
[2025-02-22 00:43:34] INFO: Server started with port: 3040
[2025-02-22 00:43:34] INFO: Server started with port: 3040
[2025-02-22 00:43:34] INFO: Server started with port: 3040
[2025-02-22 00:43:35] INFO: Server started with port: 3040
[2025-02-22 00:43:35] INFO: Server started with port: 3040
[2025-02-22 00:43:35] INFO: Server started with port: 3040
[2025-02-22 00:43:36] INFO: Server started with port: 3040
[2025-02-22 00:43:36] INFO: Server started with port: 3040
[2025-02-22 00:43:36] INFO: Server started with port: 3040
[2025-02-22 00:43:37] INFO: Server started with port: 3040
[2025-02-22 00:43:37] INFO: Server started with port: 3040
[2025-02-22 00:43:37] INFO: Server started with port: 3040
[2025-02-22 00:43:38] INFO: Server started with port: 3040
[2025-02-22 00:43:38] INFO: Server started with port: 3040
[2025-02-22 00:43:38] INFO: Server started with port: 3040
[2025-02-22 00:43:39] INFO: Server started with port: 3040
[2025-02-22 00:43:39] INFO: Server started with port: 3040
[2025-02-22 00:43:39] INFO: Server started with port: 3040
[2025-02-22 00:43:40] INFO: Server started with port: 3040
[2025-02-22 00:43:40] INFO: Server started with port: 3040
[2025-02-22 00:43:40] INFO: Server started with port: 3040
[2025-02-22 00:43:40] INFO: Server started with port: 3040
[2025-02-22 00:43:41] INFO: Server started with port: 3040
[2025-02-22 00:43:41] INFO: Server started with port: 3040
[2025-02-22 00:43:41] INFO: Server started with port: 3040
[2025-02-22 00:43:42] INFO: Server started with port: 3040
[2025-02-22 00:43:42] INFO: Server started with port: 3040
[2025-02-22 00:43:42] INFO: Server started with port: 3040
[2025-02-22 00:43:43] INFO: Server started with port: 3040
[2025-02-22 00:43:43] INFO: Server started with port: 3040
[2025-02-22 00:43:43] INFO: Server started with port: 3040
[2025-02-22 00:43:44] INFO: Server started with port: 3040
[2025-02-22 00:43:44] INFO: Server started with port: 3040
[2025-02-22 00:43:44] INFO: Server started with port: 3040
[2025-02-22 00:43:45] INFO: Server started with port: 3040
[2025-02-22 00:43:45] INFO: Server started with port: 3040
[2025-02-22 00:43:45] INFO: Server started with port: 3040
[2025-02-22 00:43:46] INFO: Server started with port: 3040
[2025-02-22 00:43:46] INFO: Server started with port: 3040
[2025-02-22 00:43:46] INFO: Server started with port: 3040
[2025-02-22 00:43:47] INFO: Server started with port: 3040
[2025-02-22 00:43:47] INFO: Server started with port: 3040
[2025-02-22 00:43:47] INFO: Server started with port: 3040
[2025-02-22 00:43:47] INFO: Server started with port: 3040
[2025-02-22 00:43:48] INFO: Server started with port: 3040
[2025-02-22 00:43:48] INFO: Server started with port: 3040
[2025-02-22 00:43:48] INFO: Server started with port: 3040
[2025-02-22 00:43:49] INFO: Server started with port: 3040
[2025-02-22 00:43:49] INFO: Server started with port: 3040
[2025-02-22 00:43:49] INFO: Server started with port: 3040
[2025-02-22 00:43:50] INFO: Server started with port: 3040
[2025-02-22 00:43:50] INFO: Server started with port: 3040
[2025-02-22 00:43:58] INFO: Server started with port: 3040
[2025-02-22 00:44:17] INFO: CSRF token generated
[2025-02-22 00:44:26] INFO: CSRF token generated
[2025-02-22 00:44:26] INFO: Email queued: davidericca109@gmail.com
[2025-02-22 00:44:26] INFO: Email queued
[2025-02-22 00:47:36] INFO: Server started with port: 3040
[2025-02-22 00:47:46] INFO: CSRF token generated
[2025-02-22 00:47:50] INFO: CSRF token generated
[2025-02-22 00:47:51] INFO: Email queued: davidericca109@gmail.com
[2025-02-22 00:47:51] INFO: Email queued
[2025-02-22 00:48:45] INFO: Server started with port: 3040
[2025-02-22 00:48:51] INFO: CSRF token generated
[2025-02-22 00:48:57] INFO: CSRF token generated
[2025-02-22 00:48:57] INFO: Email queued: davidericca109@gmail.com
[2025-02-22 00:48:57] INFO: Email queued
[2025-02-22 00:51:05] INFO: Server started with port: 3040
[2025-02-22 00:51:31] INFO: Server started with port: 3040
[2025-02-22 00:51:37] INFO: CSRF token generated
[2025-02-22 00:51:48] INFO: CSRF token generated
[2025-02-22 00:51:48] INFO: Email queued: davidericca109@gmail.com
[2025-02-22 00:51:48] INFO: Email queued
[2025-02-22 01:20:59] INFO: Server started with port: 3040
[2025-02-22 01:20:59] INFO: Waiting for messages in email_queue
[2025-02-22 01:21:09] INFO: CSRF token generated
[2025-02-22 01:21:18] INFO: CSRF token generated
[2025-02-22 01:21:18] INFO: Server started with port: 3040
[2025-02-22 01:21:58] INFO: Server started with port: 3040
[2025-02-22 01:21:58] INFO: Waiting for messages in email_queue
[2025-02-22 01:22:03] INFO: CSRF token generated
[2025-02-22 01:22:07] INFO: CSRF token generated
[2025-02-22 01:22:07] INFO: Email queued: davidericca109@gmail.com
[2025-02-22 01:22:07] INFO: Email queued
[2025-02-22 01:22:07] INFO: Email consumed: davidericca109@gmail.com
[2025-02-22 01:22:07] INFO: Sending email to: davidericca109@gmail.com
[2025-02-22 01:22:10] INFO: Email sent! 250 2.0.0 OK  1740183730 a640c23a62f3a-abb9acb9acdsm1073177466b.66 - gsmtp
