[2025-02-21 15:48:34] INFO: Server started with port: 3040
[2025-02-21 15:54:09] INFO: CSRF token generated
[2025-02-21 15:54:09] INFO: CSRF token generated
[2025-02-21 15:54:09] INFO: Sending email to: dives.sixteen@gmail.com
[2025-02-21 15:54:11] INFO: Email sent! 250 2.0.0 OK  1740149651 a640c23a62f3a-abbbc841eb0sm708754566b.128 - gsmtp
[2025-02-21 16:09:04] INFO: Server started with port: 3040
[2025-02-21 16:09:56] INFO: CSRF token generated
[2025-02-21 16:09:56] INFO: CSRF token generated
[2025-02-21 16:09:56] INFO: Sending email to: dives.sixteen@gmail.com
[2025-02-21 16:09:57] INFO: Email sent! 250 2.0.0 OK  1740150597 a640c23a62f3a-abb9cee79fasm961087766b.129 - gsmtp
[2025-02-21 19:06:06] INFO: Server started with port: 3040
[2025-02-21 19:26:10] INFO: CSRF token generated
[2025-02-21 19:28:14] INFO: Server started with port: 3040
[2025-02-21 19:28:14] INFO: Server started with port: 3040
[2025-02-21 19:28:15] INFO: Server started with port: 3040
[2025-02-21 19:28:15] INFO: Server started with port: 3040
[2025-02-21 19:28:15] INFO: Server started with port: 3040
[2025-02-21 19:28:16] INFO: Server started with port: 3040
[2025-02-21 19:28:16] INFO: Server started with port: 3040
[2025-02-21 19:28:16] INFO: Server started with port: 3040
[2025-02-21 19:28:16] INFO: Server started with port: 3040
[2025-02-21 19:28:17] INFO: Server started with port: 3040
[2025-02-21 19:28:17] INFO: Server started with port: 3040
[2025-02-21 19:28:17] INFO: Server started with port: 3040
[2025-02-21 19:28:18] INFO: Server started with port: 3040
[2025-02-21 19:28:18] INFO: Server started with port: 3040
[2025-02-21 19:28:18] INFO: Server started with port: 3040
[2025-02-21 19:28:18] INFO: Server started with port: 3040
[2025-02-21 19:28:19] INFO: Server started with port: 3040
[2025-02-21 19:28:19] INFO: Server started with port: 3040
[2025-02-21 19:28:19] INFO: Server started with port: 3040
[2025-02-21 19:28:20] INFO: Server started with port: 3040
[2025-02-21 19:28:20] INFO: Server started with port: 3040
[2025-02-21 19:28:20] INFO: Server started with port: 3040
[2025-02-21 19:28:21] INFO: Server started with port: 3040
[2025-02-21 19:28:21] INFO: Server started with port: 3040
[2025-02-21 19:28:21] INFO: Server started with port: 3040
[2025-02-21 19:28:21] INFO: Server started with port: 3040
[2025-02-21 19:28:22] INFO: Server started with port: 3040
[2025-02-21 19:28:22] INFO: Server started with port: 3040
[2025-02-21 19:28:22] INFO: Server started with port: 3040
[2025-02-21 19:28:23] INFO: Server started with port: 3040
[2025-02-21 19:28:23] INFO: Server started with port: 3040
[2025-02-21 19:28:23] INFO: Server started with port: 3040
[2025-02-21 19:28:24] INFO: Server started with port: 3040
[2025-02-21 19:28:24] INFO: Server started with port: 3040
[2025-02-21 19:28:24] INFO: Server started with port: 3040
[2025-02-21 19:28:24] INFO: Server started with port: 3040
[2025-02-21 19:28:25] INFO: Server started with port: 3040
[2025-02-21 19:28:25] INFO: Server started with port: 3040
[2025-02-21 19:28:25] INFO: Server started with port: 3040
[2025-02-21 19:28:26] INFO: Server started with port: 3040
[2025-02-21 19:28:26] INFO: Server started with port: 3040
[2025-02-21 19:28:26] INFO: Server started with port: 3040
[2025-02-21 19:28:27] INFO: Server started with port: 3040
[2025-02-21 19:28:27] INFO: Server started with port: 3040
[2025-02-21 19:28:27] INFO: Server started with port: 3040
[2025-02-21 19:28:27] INFO: Server started with port: 3040
[2025-02-21 19:28:28] INFO: Server started with port: 3040
[2025-02-21 19:28:28] INFO: Server started with port: 3040
[2025-02-21 19:28:28] INFO: Server started with port: 3040
[2025-02-21 19:28:29] INFO: Server started with port: 3040
[2025-02-21 19:28:29] INFO: Server started with port: 3040
[2025-02-21 19:28:29] INFO: Server started with port: 3040
[2025-02-21 19:28:29] INFO: Server started with port: 3040
[2025-02-21 19:28:30] INFO: Server started with port: 3040
[2025-02-21 19:28:30] INFO: Server started with port: 3040
[2025-02-21 19:28:30] INFO: Server started with port: 3040
[2025-02-21 19:28:31] INFO: Server started with port: 3040
[2025-02-21 19:28:31] INFO: Server started with port: 3040
[2025-02-21 19:28:31] INFO: Server started with port: 3040
[2025-02-21 19:28:32] INFO: Server started with port: 3040
[2025-02-21 19:28:32] INFO: Server started with port: 3040
[2025-02-21 19:28:32] INFO: Server started with port: 3040
[2025-02-21 19:28:32] INFO: Server started with port: 3040
[2025-02-21 19:28:33] INFO: Server started with port: 3040
[2025-02-21 19:28:33] INFO: Server started with port: 3040
[2025-02-21 19:28:33] INFO: Server started with port: 3040
[2025-02-21 19:28:34] INFO: Server started with port: 3040
[2025-02-21 19:28:34] INFO: Server started with port: 3040
[2025-02-21 19:28:34] INFO: Server started with port: 3040
[2025-02-21 19:28:35] INFO: Server started with port: 3040
[2025-02-21 19:28:35] INFO: Server started with port: 3040
[2025-02-21 19:28:35] INFO: Server started with port: 3040
[2025-02-21 19:28:35] INFO: Server started with port: 3040
[2025-02-21 19:28:36] INFO: Server started with port: 3040
[2025-02-21 19:28:36] INFO: Server started with port: 3040
[2025-02-21 19:28:36] INFO: Server started with port: 3040
[2025-02-21 19:28:37] INFO: Server started with port: 3040
[2025-02-21 19:28:37] INFO: Server started with port: 3040
[2025-02-21 19:28:37] INFO: Server started with port: 3040
[2025-02-21 19:28:38] INFO: Server started with port: 3040
[2025-02-21 19:28:38] INFO: Server started with port: 3040
[2025-02-21 19:28:38] INFO: Server started with port: 3040
[2025-02-21 19:28:38] INFO: Server started with port: 3040
[2025-02-21 19:28:39] INFO: Server started with port: 3040
[2025-02-21 19:28:39] INFO: Server started with port: 3040
[2025-02-21 19:28:39] INFO: Server started with port: 3040
[2025-02-21 19:28:40] INFO: Server started with port: 3040
[2025-02-21 19:28:40] INFO: Server started with port: 3040
[2025-02-21 19:28:40] INFO: Server started with port: 3040
[2025-02-21 19:28:41] INFO: Server started with port: 3040
[2025-02-21 19:28:41] INFO: Server started with port: 3040
[2025-02-21 19:28:41] INFO: Server started with port: 3040
[2025-02-21 19:28:41] INFO: Server started with port: 3040
[2025-02-21 19:28:42] INFO: Server started with port: 3040
[2025-02-21 19:28:42] INFO: Server started with port: 3040
[2025-02-21 19:28:42] INFO: Server started with port: 3040
[2025-02-21 19:28:43] INFO: Server started with port: 3040
[2025-02-21 19:28:43] INFO: Server started with port: 3040
[2025-02-21 19:28:43] INFO: Server started with port: 3040
[2025-02-21 19:28:44] INFO: Server started with port: 3040
[2025-02-21 19:28:44] INFO: Server started with port: 3040
[2025-02-21 19:28:44] INFO: Server started with port: 3040
[2025-02-21 19:28:44] INFO: Server started with port: 3040
[2025-02-21 19:28:45] INFO: Server started with port: 3040
[2025-02-21 19:28:45] INFO: Server started with port: 3040
[2025-02-21 19:28:45] INFO: Server started with port: 3040
[2025-02-21 19:28:46] INFO: Server started with port: 3040
[2025-02-21 19:28:46] INFO: Server started with port: 3040
[2025-02-21 19:28:46] INFO: Server started with port: 3040
[2025-02-21 19:28:47] INFO: Server started with port: 3040
[2025-02-21 19:28:47] INFO: Server started with port: 3040
[2025-02-21 19:28:47] INFO: Server started with port: 3040
[2025-02-21 19:28:47] INFO: Server started with port: 3040
[2025-02-21 19:28:48] INFO: Server started with port: 3040
[2025-02-21 19:28:48] INFO: Server started with port: 3040
[2025-02-21 19:28:48] INFO: Server started with port: 3040
[2025-02-21 19:28:49] INFO: Server started with port: 3040
[2025-02-21 19:28:49] INFO: Server started with port: 3040
[2025-02-21 19:28:49] INFO: Server started with port: 3040
[2025-02-21 19:28:50] INFO: Server started with port: 3040
[2025-02-21 19:28:50] INFO: Server started with port: 3040
[2025-02-21 19:28:50] INFO: Server started with port: 3040
[2025-02-21 19:28:50] INFO: Server started with port: 3040
[2025-02-21 19:28:51] INFO: Server started with port: 3040
[2025-02-21 19:28:51] INFO: Server started with port: 3040
[2025-02-21 19:28:51] INFO: Server started with port: 3040
[2025-02-21 19:28:52] INFO: Server started with port: 3040
[2025-02-21 19:28:52] INFO: Server started with port: 3040
[2025-02-21 19:28:52] INFO: Server started with port: 3040
[2025-02-21 19:28:53] INFO: Server started with port: 3040
[2025-02-21 19:28:53] INFO: Server started with port: 3040
[2025-02-21 19:28:53] INFO: Server started with port: 3040
[2025-02-21 19:28:53] INFO: Server started with port: 3040
[2025-02-21 19:28:54] INFO: Server started with port: 3040
[2025-02-21 19:28:54] INFO: Server started with port: 3040
[2025-02-21 19:28:54] INFO: Server started with port: 3040
[2025-02-21 19:28:55] INFO: Server started with port: 3040
[2025-02-21 19:28:55] INFO: Server started with port: 3040
[2025-02-21 19:28:55] INFO: Server started with port: 3040
[2025-02-21 19:28:56] INFO: Server started with port: 3040
[2025-02-21 19:28:56] INFO: Server started with port: 3040
[2025-02-21 19:28:56] INFO: Server started with port: 3040
[2025-02-21 19:28:56] INFO: Server started with port: 3040
[2025-02-21 19:28:57] INFO: Server started with port: 3040
[2025-02-21 19:28:57] INFO: Server started with port: 3040
[2025-02-21 19:28:57] INFO: Server started with port: 3040
[2025-02-21 19:28:58] INFO: Server started with port: 3040
[2025-02-21 19:28:58] INFO: Server started with port: 3040
[2025-02-21 19:28:58] INFO: Server started with port: 3040
[2025-02-21 19:28:59] INFO: Server started with port: 3040
[2025-02-21 19:28:59] INFO: Server started with port: 3040
[2025-02-21 19:28:59] INFO: Server started with port: 3040
[2025-02-21 19:29:00] INFO: Server started with port: 3040
[2025-02-21 19:29:00] INFO: Server started with port: 3040
[2025-02-21 19:29:00] INFO: Server started with port: 3040
[2025-02-21 19:29:00] INFO: Server started with port: 3040
[2025-02-21 19:29:01] INFO: Server started with port: 3040
[2025-02-21 19:29:01] INFO: Server started with port: 3040
[2025-02-21 19:29:01] INFO: Server started with port: 3040
[2025-02-21 19:29:02] INFO: Server started with port: 3040
[2025-02-21 19:29:02] INFO: Server started with port: 3040
[2025-02-21 19:29:02] INFO: Server started with port: 3040
[2025-02-21 19:29:03] INFO: Server started with port: 3040
[2025-02-21 19:29:03] INFO: Server started with port: 3040
[2025-02-21 19:29:03] INFO: Server started with port: 3040
[2025-02-21 19:29:03] INFO: Server started with port: 3040
[2025-02-21 19:29:04] INFO: Server started with port: 3040
[2025-02-21 19:29:04] INFO: Server started with port: 3040
[2025-02-21 19:29:04] INFO: Server started with port: 3040
[2025-02-21 19:29:05] INFO: Server started with port: 3040
[2025-02-21 19:29:05] INFO: Server started with port: 3040
[2025-02-21 19:29:05] INFO: Server started with port: 3040
[2025-02-21 19:29:06] INFO: Server started with port: 3040
[2025-02-21 19:29:06] INFO: Server started with port: 3040
[2025-02-21 19:29:06] INFO: Server started with port: 3040
[2025-02-21 19:29:06] INFO: Server started with port: 3040
[2025-02-21 19:29:07] INFO: Server started with port: 3040
[2025-02-21 19:29:07] INFO: Server started with port: 3040
[2025-02-21 19:29:07] INFO: Server started with port: 3040
[2025-02-21 19:29:08] INFO: Server started with port: 3040
[2025-02-21 19:29:08] INFO: Server started with port: 3040
[2025-02-21 19:29:08] INFO: Server started with port: 3040
[2025-02-21 19:29:09] INFO: Server started with port: 3040
[2025-02-21 19:29:09] INFO: Server started with port: 3040
[2025-02-21 19:29:09] INFO: Server started with port: 3040
[2025-02-21 19:29:09] INFO: Server started with port: 3040
[2025-02-21 19:29:10] INFO: Server started with port: 3040
[2025-02-21 19:29:10] INFO: Server started with port: 3040
[2025-02-21 19:29:10] INFO: Server started with port: 3040
[2025-02-21 19:29:11] INFO: Server started with port: 3040
[2025-02-21 19:29:11] INFO: Server started with port: 3040
[2025-02-21 19:29:11] INFO: Server started with port: 3040
[2025-02-21 19:29:12] INFO: Server started with port: 3040
[2025-02-21 19:29:12] INFO: Server started with port: 3040
[2025-02-21 19:29:12] INFO: Server started with port: 3040
[2025-02-21 19:29:12] INFO: Server started with port: 3040
[2025-02-21 19:29:13] INFO: Server started with port: 3040
[2025-02-21 19:29:13] INFO: Server started with port: 3040
[2025-02-21 19:29:13] INFO: Server started with port: 3040
[2025-02-21 19:29:14] INFO: Server started with port: 3040
[2025-02-21 19:29:14] INFO: Server started with port: 3040
[2025-02-21 19:29:14] INFO: Server started with port: 3040
[2025-02-21 19:29:14] INFO: Server started with port: 3040
[2025-02-21 19:29:15] INFO: Server started with port: 3040
[2025-02-21 19:29:15] INFO: Server started with port: 3040
[2025-02-21 19:29:15] INFO: Server started with port: 3040
[2025-02-21 19:29:16] INFO: Server started with port: 3040
[2025-02-21 19:29:16] INFO: Server started with port: 3040
[2025-02-21 19:29:16] INFO: Server started with port: 3040
[2025-02-21 19:29:17] INFO: Server started with port: 3040
[2025-02-21 19:29:17] INFO: Server started with port: 3040
[2025-02-21 19:29:17] INFO: Server started with port: 3040
[2025-02-21 19:29:17] INFO: Server started with port: 3040
[2025-02-21 19:29:18] INFO: Server started with port: 3040
[2025-02-21 19:29:18] INFO: Server started with port: 3040
[2025-02-21 19:29:18] INFO: Server started with port: 3040
[2025-02-21 19:29:19] INFO: Server started with port: 3040
[2025-02-21 19:29:19] INFO: Server started with port: 3040
[2025-02-21 19:29:19] INFO: Server started with port: 3040
[2025-02-21 19:29:20] INFO: Server started with port: 3040
[2025-02-21 19:29:20] INFO: Server started with port: 3040
[2025-02-21 19:29:20] INFO: Server started with port: 3040
[2025-02-21 19:29:20] INFO: Server started with port: 3040
[2025-02-21 19:29:21] INFO: Server started with port: 3040
[2025-02-21 19:29:21] INFO: Server started with port: 3040
[2025-02-21 19:29:21] INFO: Server started with port: 3040
[2025-02-21 19:29:22] INFO: Server started with port: 3040
[2025-02-21 19:29:22] INFO: Server started with port: 3040
[2025-02-21 19:29:22] INFO: Server started with port: 3040
[2025-02-21 19:29:23] INFO: Server started with port: 3040
[2025-02-21 19:29:23] INFO: Server started with port: 3040
[2025-02-21 19:29:23] INFO: Server started with port: 3040
[2025-02-21 19:29:23] INFO: Server started with port: 3040
[2025-02-21 19:29:24] INFO: Server started with port: 3040
[2025-02-21 19:29:24] INFO: Server started with port: 3040
[2025-02-21 19:29:24] INFO: Server started with port: 3040
[2025-02-21 19:29:25] INFO: Server started with port: 3040
[2025-02-21 19:29:25] INFO: Server started with port: 3040
[2025-02-21 19:29:25] INFO: Server started with port: 3040
[2025-02-21 19:29:26] INFO: Server started with port: 3040
[2025-02-21 19:29:26] INFO: Server started with port: 3040
[2025-02-21 19:29:26] INFO: Server started with port: 3040
[2025-02-21 19:30:01] INFO: Server started with port: 3040
[2025-02-21 19:30:39] INFO: CSRF token generated
[2025-02-21 19:30:39] INFO: CSRF token generated
[2025-02-21 19:30:39] INFO: Sending email to: davidericca109@gmail.com
[2025-02-21 19:30:40] INFO: Email sent! 250 2.0.0 OK  1740162640 a640c23a62f3a-abb8209a2cbsm1221109566b.133 - gsmtp
